# JRE version: OpenJDK Runtime Environment Temurin-21.0.6+7 (21.0.6+7) (build 21.0.6+7-LTS)
# Java VM: OpenJDK 64-Bit Server VM Temurin-21.0.6+7 (21.0.6+7-LTS, mixed mode, sharing, tiered, compressed oops, compressed class ptrs, parallel gc, windows-amd64)
GC Precious Log:
 CardTable entry size: 512
 CPUs: 16 total, 16 available
 Memory: 16016M
 Large Page Support: Disabled
 NUMA Support: Disabled
 Compressed Oops: Enabled (32-bit)
 Alignments: Space 512K, Generation 512K, Heap 2M
 Heap Min Capacity: 100M
 Heap Initial Capacity: 100M
 Heap Max Capacity: 2G
 Pre-touch: Disabled
 Parallel Workers: 13
Heap:
 PSYoungGen      total 6144K, used 3901K [0x00000000d5580000, 0x00000000d6200000, 0x0000000100000000)
  eden space 5632K, 60% used [0x00000000d5580000,0x00000000d58d6478,0x00000000d5b00000)
  from space 512K, 94% used [0x00000000d6180000,0x00000000d61f9210,0x00000000d6200000)
  to   space 1536K, 0% used [0x00000000d5f00000,0x00000000d5f00000,0x00000000d6080000)
 ParOldGen       total 937472K, used 937315K [0x0000000080000000, 0x00000000b9380000, 0x00000000d5580000)
  object space 937472K, 99% used [0x0000000080000000,0x00000000b9358ec8,0x00000000b9380000)
 Metaspace       used 78195K, committed 79616K, reserved 1179648K
  class space    used 7344K, committed 8000K, reserved 1048576K
GC Heap History (20 events):
Event: 9428.409 GC heap before
{Heap before GC invocations=2275 (full 7):
 PSYoungGen      total 6656K, used 6346K [0x00000000d5580000, 0x00000000d6400000, 0x0000000100000000)
  eden space 5632K, 100% used [0x00000000d5580000,0x00000000d5b00000,0x00000000d5b00000)
  from space 1024K, 69% used [0x00000000d6300000,0x00000000d63b2a70,0x00000000d6400000)
  to   space 1536K, 0% used [0x00000000d6100000,0x00000000d6100000,0x00000000d6280000)
 ParOldGen       total 932864K, used 932564K [0x0000000080000000, 0x00000000b8f00000, 0x00000000d5580000)
  object space 932864K, 99% used [0x0000000080000000,0x00000000b8eb5258,0x00000000b8f00000)
 Metaspace       used 76220K, committed 77760K, reserved 1179648K
  class space    used 7170K, committed 7936K, reserved 1048576K
}
Event: 9428.410 GC heap after
{Heap after GC invocations=2275 (full 7):
 PSYoungGen      total 7168K, used 918K [0x00000000d5580000, 0x00000000d6380000, 0x0000000100000000)
  eden space 5632K, 0% used [0x00000000d5580000,0x00000000d5580000,0x00000000d5b00000)
  from space 1536K, 59% used [0x00000000d6100000,0x00000000d61e58e0,0x00000000d6280000)
  to   space 1024K, 0% used [0x00000000d6280000,0x00000000d6280000,0x00000000d6380000)
 ParOldGen       total 933376K, used 932963K [0x0000000080000000, 0x00000000b8f80000, 0x00000000d5580000)
  object space 933376K, 99% used [0x0000000080000000,0x00000000b8f18d10,0x00000000b8f80000)
 Metaspace       used 76220K, committed 77760K, reserved 1179648K
  class space    used 7170K, committed 7936K, reserved 1048576K
}
Event: 9428.436 GC heap before
{Heap before GC invocations=2276 (full 7):
 PSYoungGen      total 7168K, used 6550K [0x00000000d5580000, 0x00000000d6380000, 0x0000000100000000)
  eden space 5632K, 100% used [0x00000000d5580000,0x00000000d5b00000,0x00000000d5b00000)
  from space 1536K, 59% used [0x00000000d6100000,0x00000000d61e58e0,0x00000000d6280000)
  to   space 1024K, 0% used [0x00000000d6280000,0x00000000d6280000,0x00000000d6380000)
 ParOldGen       total 933376K, used 932963K [0x0000000080000000, 0x00000000b8f80000, 0x00000000d5580000)
  object space 933376K, 99% used [0x0000000080000000,0x00000000b8f18d10,0x00000000b8f80000)
 Metaspace       used 76330K, committed 77888K, reserved 1179648K
  class space    used 7182K, committed 7936K, reserved 1048576K
}
Event: 9428.438 GC heap after
{Heap after GC invocations=2276 (full 7):
 PSYoungGen      total 6656K, used 1008K [0x00000000d5580000, 0x00000000d6380000, 0x0000000100000000)
  eden space 5632K, 0% used [0x00000000d5580000,0x00000000d5580000,0x00000000d5b00000)
  from space 1024K, 98% used [0x00000000d6280000,0x00000000d637c148,0x00000000d6380000)
  to   space 2048K, 0% used [0x00000000d5f80000,0x00000000d5f80000,0x00000000d6180000)
 ParOldGen       total 933888K, used 933681K [0x0000000080000000, 0x00000000b9000000, 0x00000000d5580000)
  object space 933888K, 99% used [0x0000000080000000,0x00000000b8fcc4a8,0x00000000b9000000)
 Metaspace       used 76330K, committed 77888K, reserved 1179648K
  class space    used 7182K, committed 7936K, reserved 1048576K
}
Event: 9428.498 GC heap before
{Heap before GC invocations=2277 (full 7):
 PSYoungGen      total 6656K, used 6624K [0x00000000d5580000, 0x00000000d6380000, 0x0000000100000000)
  eden space 5632K, 99% used [0x00000000d5580000,0x00000000d5afbf50,0x00000000d5b00000)
  from space 1024K, 98% used [0x00000000d6280000,0x00000000d637c148,0x00000000d6380000)
  to   space 2048K, 0% used [0x00000000d5f80000,0x00000000d5f80000,0x00000000d6180000)
 ParOldGen       total 933888K, used 933681K [0x0000000080000000, 0x00000000b9000000, 0x00000000d5580000)
  object space 933888K, 99% used [0x0000000080000000,0x00000000b8fcc4a8,0x00000000b9000000)
 Metaspace       used 76839K, committed 78336K, reserved 1179648K
  class space    used 7206K, committed 7936K, reserved 1048576K
}
Event: 9428.500 GC heap after
{Heap after GC invocations=2277 (full 7):
 PSYoungGen      total 7680K, used 544K [0x00000000d5580000, 0x00000000d6300000, 0x0000000100000000)
  eden space 5632K, 0% used [0x00000000d5580000,0x00000000d5580000,0x00000000d5b00000)
  from space 2048K, 26% used [0x00000000d5f80000,0x00000000d6008000,0x00000000d6180000)
  to   space 1024K, 0% used [0x00000000d6200000,0x00000000d6200000,0x00000000d6300000)
 ParOldGen       total 933888K, used 933849K [0x0000000080000000, 0x00000000b9000000, 0x00000000d5580000)
  object space 933888K, 99% used [0x0000000080000000,0x00000000b8ff64a8,0x00000000b9000000)
 Metaspace       used 76839K, committed 78336K, reserved 1179648K
  class space    used 7206K, committed 7936K, reserved 1048576K
}
Event: 9428.598 GC heap before
{Heap before GC invocations=2278 (full 7):
 PSYoungGen      total 7680K, used 6176K [0x00000000d5580000, 0x00000000d6300000, 0x0000000100000000)
  eden space 5632K, 100% used [0x00000000d5580000,0x00000000d5b00000,0x00000000d5b00000)
  from space 2048K, 26% used [0x00000000d5f80000,0x00000000d6008000,0x00000000d6180000)
  to   space 1024K, 0% used [0x00000000d6200000,0x00000000d6200000,0x00000000d6300000)
 ParOldGen       total 933888K, used 933849K [0x0000000080000000, 0x00000000b9000000, 0x00000000d5580000)
  object space 933888K, 99% used [0x0000000080000000,0x00000000b8ff64a8,0x00000000b9000000)
 Metaspace       used 77170K, committed 78656K, reserved 1179648K
  class space    used 7232K, committed 7936K, reserved 1048576K
}
Event: 9428.600 GC heap after
{Heap after GC invocations=2278 (full 7):
 PSYoungGen      total 6656K, used 1018K [0x00000000d5580000, 0x00000000d6300000, 0x0000000100000000)
  eden space 5632K, 0% used [0x00000000d5580000,0x00000000d5580000,0x00000000d5b00000)
  from space 1024K, 99% used [0x00000000d6200000,0x00000000d62fe920,0x00000000d6300000)
  to   space 1536K, 0% used [0x00000000d6000000,0x00000000d6000000,0x00000000d6180000)
 ParOldGen       total 934400K, used 934195K [0x0000000080000000, 0x00000000b9080000, 0x00000000d5580000)
  object space 934400K, 99% used [0x0000000080000000,0x00000000b904cda8,0x00000000b9080000)
 Metaspace       used 77170K, committed 78656K, reserved 1179648K
  class space    used 7232K, committed 7936K, reserved 1048576K
}
Event: 9428.613 GC heap before
{Heap before GC invocations=2279 (full 7):
 PSYoungGen      total 6656K, used 6650K [0x00000000d5580000, 0x00000000d6300000, 0x0000000100000000)
  eden space 5632K, 100% used [0x00000000d5580000,0x00000000d5b00000,0x00000000d5b00000)
  from space 1024K, 99% used [0x00000000d6200000,0x00000000d62fe920,0x00000000d6300000)
  to   space 1536K, 0% used [0x00000000d6000000,0x00000000d6000000,0x00000000d6180000)
 ParOldGen       total 934400K, used 934195K [0x0000000080000000, 0x00000000b9080000, 0x00000000d5580000)
  object space 934400K, 99% used [0x0000000080000000,0x00000000b904cda8,0x00000000b9080000)
 Metaspace       used 77171K, committed 78656K, reserved 1179648K
  class space    used 7232K, committed 7936K, reserved 1048576K
}
Event: 9428.615 GC heap after
{Heap after GC invocations=2279 (full 7):
 PSYoungGen      total 7168K, used 768K [0x00000000d5580000, 0x00000000d6280000, 0x0000000100000000)
  eden space 5632K, 0% used [0x00000000d5580000,0x00000000d5580000,0x00000000d5b00000)
  from space 1536K, 50% used [0x00000000d6000000,0x00000000d60c0000,0x00000000d6180000)
  to   space 1024K, 0% used [0x00000000d6180000,0x00000000d6180000,0x00000000d6280000)
 ParOldGen       total 935424K, used 935186K [0x0000000080000000, 0x00000000b9180000, 0x00000000d5580000)
  object space 935424K, 99% used [0x0000000080000000,0x00000000b9144a98,0x00000000b9180000)
 Metaspace       used 77171K, committed 78656K, reserved 1179648K
  class space    used 7232K, committed 7936K, reserved 1048576K
}
Event: 9428.728 GC heap before
{Heap before GC invocations=2280 (full 7):
 PSYoungGen      total 7168K, used 6355K [0x00000000d5580000, 0x00000000d6280000, 0x0000000100000000)
  eden space 5632K, 99% used [0x00000000d5580000,0x00000000d5af4fc0,0x00000000d5b00000)
  from space 1536K, 50% used [0x00000000d6000000,0x00000000d60c0000,0x00000000d6180000)
  to   space 1024K, 0% used [0x00000000d6180000,0x00000000d6180000,0x00000000d6280000)
 ParOldGen       total 935424K, used 935186K [0x0000000080000000, 0x00000000b9180000, 0x00000000d5580000)
  object space 935424K, 99% used [0x0000000080000000,0x00000000b9144a98,0x00000000b9180000)
 Metaspace       used 77884K, committed 79360K, reserved 1179648K
  class space    used 7310K, committed 8000K, reserved 1048576K
}
Event: 9428.729 GC heap after
{Heap after GC invocations=2280 (full 7):
 PSYoungGen      total 6656K, used 600K [0x00000000d5580000, 0x00000000d6280000, 0x0000000100000000)
  eden space 5632K, 0% used [0x00000000d5580000,0x00000000d5580000,0x00000000d5b00000)
  from space 1024K, 58% used [0x00000000d6180000,0x00000000d62160d8,0x00000000d6280000)
  to   space 1024K, 0% used [0x00000000d6080000,0x00000000d6080000,0x00000000d6180000)
 ParOldGen       total 935936K, used 935770K [0x0000000080000000, 0x00000000b9200000, 0x00000000d5580000)
  object space 935936K, 99% used [0x0000000080000000,0x00000000b91d6ab8,0x00000000b9200000)
 Metaspace       used 77884K, committed 79360K, reserved 1179648K
  class space    used 7310K, committed 8000K, reserved 1048576K
}
Event: 9428.856 GC heap before
{Heap before GC invocations=2281 (full 7):
 PSYoungGen      total 6656K, used 6232K [0x00000000d5580000, 0x00000000d6280000, 0x0000000100000000)
  eden space 5632K, 100% used [0x00000000d5580000,0x00000000d5b00000,0x00000000d5b00000)
  from space 1024K, 58% used [0x00000000d6180000,0x00000000d62160d8,0x00000000d6280000)
  to   space 1024K, 0% used [0x00000000d6080000,0x00000000d6080000,0x00000000d6180000)
 ParOldGen       total 935936K, used 935770K [0x0000000080000000, 0x00000000b9200000, 0x00000000d5580000)
  object space 935936K, 99% used [0x0000000080000000,0x00000000b91d6ab8,0x00000000b9200000)
 Metaspace       used 78048K, committed 79488K, reserved 1179648K
  class space    used 7335K, committed 8000K, reserved 1048576K
}
Event: 9428.858 GC heap after
{Heap after GC invocations=2281 (full 7):
 PSYoungGen      total 6656K, used 814K [0x00000000d5580000, 0x00000000d6200000, 0x0000000100000000)
  eden space 5632K, 0% used [0x00000000d5580000,0x00000000d5580000,0x00000000d5b00000)
  from space 1024K, 79% used [0x00000000d6080000,0x00000000d614bb00,0x00000000d6180000)
  to   space 512K, 0% used [0x00000000d6180000,0x00000000d6180000,0x00000000d6200000)
 ParOldGen       total 936448K, used 936138K [0x0000000080000000, 0x00000000b9280000, 0x00000000d5580000)
  object space 936448K, 99% used [0x0000000080000000,0x00000000b9232ab8,0x00000000b9280000)
 Metaspace       used 78048K, committed 79488K, reserved 1179648K
  class space    used 7335K, committed 8000K, reserved 1048576K
}
Event: 9428.880 GC heap before
{Heap before GC invocations=2282 (full 7):
 PSYoungGen      total 6656K, used 6446K [0x00000000d5580000, 0x00000000d6200000, 0x0000000100000000)
  eden space 5632K, 100% used [0x00000000d5580000,0x00000000d5b00000,0x00000000d5b00000)
  from space 1024K, 79% used [0x00000000d6080000,0x00000000d614bb00,0x00000000d6180000)
  to   space 512K, 0% used [0x00000000d6180000,0x00000000d6180000,0x00000000d6200000)
 ParOldGen       total 936448K, used 936138K [0x0000000080000000, 0x00000000b9280000, 0x00000000d5580000)
  object space 936448K, 99% used [0x0000000080000000,0x00000000b9232ab8,0x00000000b9280000)
 Metaspace       used 78104K, committed 79552K, reserved 1179648K
  class space    used 7338K, committed 8000K, reserved 1048576K
}
Event: 9428.882 GC heap after
{Heap after GC invocations=2282 (full 7):
 PSYoungGen      total 6144K, used 320K [0x00000000d5580000, 0x00000000d6200000, 0x0000000100000000)
  eden space 5632K, 0% used [0x00000000d5580000,0x00000000d5580000,0x00000000d5b00000)
  from space 512K, 62% used [0x00000000d6180000,0x00000000d61d0000,0x00000000d6200000)
  to   space 512K, 0% used [0x00000000d6100000,0x00000000d6100000,0x00000000d6180000)
 ParOldGen       total 936448K, used 936399K [0x0000000080000000, 0x00000000b9280000, 0x00000000d5580000)
  object space 936448K, 99% used [0x0000000080000000,0x00000000b9273cb8,0x00000000b9280000)
 Metaspace       used 78104K, committed 79552K, reserved 1179648K
  class space    used 7338K, committed 8000K, reserved 1048576K
}
Event: 9428.891 GC heap before
{Heap before GC invocations=2283 (full 7):
 PSYoungGen      total 6144K, used 5952K [0x00000000d5580000, 0x00000000d6200000, 0x0000000100000000)
  eden space 5632K, 100% used [0x00000000d5580000,0x00000000d5b00000,0x00000000d5b00000)
  from space 512K, 62% used [0x00000000d6180000,0x00000000d61d0000,0x00000000d6200000)
  to   space 512K, 0% used [0x00000000d6100000,0x00000000d6100000,0x00000000d6180000)
 ParOldGen       total 936448K, used 936399K [0x0000000080000000, 0x00000000b9280000, 0x00000000d5580000)
  object space 936448K, 99% used [0x0000000080000000,0x00000000b9273cb8,0x00000000b9280000)
 Metaspace       used 78104K, committed 79552K, reserved 1179648K
  class space    used 7338K, committed 8000K, reserved 1048576K
}
Event: 9428.893 GC heap after
{Heap after GC invocations=2283 (full 7):
 PSYoungGen      total 6144K, used 512K [0x00000000d5580000, 0x00000000d6200000, 0x0000000100000000)
  eden space 5632K, 0% used [0x00000000d5580000,0x00000000d5580000,0x00000000d5b00000)
  from space 512K, 100% used [0x00000000d6100000,0x00000000d6180000,0x00000000d6180000)
  to   space 512K, 0% used [0x00000000d6180000,0x00000000d6180000,0x00000000d6200000)
 ParOldGen       total 936960K, used 936675K [0x0000000080000000, 0x00000000b9300000, 0x00000000d5580000)
  object space 936960K, 99% used [0x0000000080000000,0x00000000b92b8ec8,0x00000000b9300000)
 Metaspace       used 78104K, committed 79552K, reserved 1179648K
  class space    used 7338K, committed 8000K, reserved 1048576K
}
Event: 9431.281 GC heap before
{Heap before GC invocations=2284 (full 7):
 PSYoungGen      total 6144K, used 6144K [0x00000000d5580000, 0x00000000d6200000, 0x0000000100000000)
  eden space 5632K, 100% used [0x00000000d5580000,0x00000000d5b00000,0x00000000d5b00000)
  from space 512K, 100% used [0x00000000d6100000,0x00000000d6180000,0x00000000d6180000)
  to   space 512K, 0% used [0x00000000d6180000,0x00000000d6180000,0x00000000d6200000)
 ParOldGen       total 936960K, used 936675K [0x0000000080000000, 0x00000000b9300000, 0x00000000d5580000)
  object space 936960K, 99% used [0x0000000080000000,0x00000000b92b8ec8,0x00000000b9300000)
 Metaspace       used 78165K, committed 79616K, reserved 1179648K
  class space    used 7344K, committed 8000K, reserved 1048576K
}
Event: 9431.282 GC heap after
{Heap after GC invocations=2284 (full 7):
 PSYoungGen      total 6144K, used 484K [0x00000000d5580000, 0x00000000d6200000, 0x0000000100000000)
  eden space 5632K, 0% used [0x00000000d5580000,0x00000000d5580000,0x00000000d5b00000)
  from space 512K, 94% used [0x00000000d6180000,0x00000000d61f9210,0x00000000d6200000)
  to   space 1536K, 0% used [0x00000000d5f00000,0x00000000d5f00000,0x00000000d6080000)
 ParOldGen       total 937472K, used 937315K [0x0000000080000000, 0x00000000b9380000, 0x00000000d5580000)
  object space 937472K, 99% used [0x0000000080000000,0x00000000b9358ec8,0x00000000b9380000)
 Metaspace       used 78165K, committed 79616K, reserved 1179648K
  class space    used 7344K, committed 8000K, reserved 1048576K
}

